2018-11-16 11:02:42,073 [INFO] from play.api.http.EnabledFilters in play-dev-mode-akka.actor.default-dispatcher-6 - Enabled Filters (see <https://www.playframework.com/documentation/latest/Filters>):

    play.filters.csrf.CSRFFilter
    play.filters.headers.SecurityHeadersFilter
    play.filters.hosts.AllowedHostsFilter

2018-11-16 11:02:42,122 [INFO] from play.api.Play in play-dev-mode-akka.actor.default-dispatcher-6 - Application started (Dev)
2018-11-16 11:02:42,327 [WARN] from play.api.mvc.DefaultJWTCookieDataCodec in application-akka.actor.default-dispatcher-2 - decode: cookie has invalid signature! message = JWT signature does not match locally computed signature. JWT validity cannot be asserted and should not be trusted.
2018-11-16 11:02:42,329 [INFO] from play.api.mvc.DefaultJWTCookieDataCodec in application-akka.actor.default-dispatcher-2 - The JWT signature in the cookie does not match the locally computed signature with the server.
This usually indicates the browser has a leftover cookie from another Play application,
so clearing cookies may resolve this error message.
2018-11-16 11:02:42,581 [WARN] from play.api.mvc.DefaultJWTCookieDataCodec in application-akka.actor.default-dispatcher-3 - decode: cookie has invalid signature! message = JWT signature does not match locally computed signature. JWT validity cannot be asserted and should not be trusted.
2018-11-16 11:02:42,581 [WARN] from play.api.mvc.DefaultJWTCookieDataCodec in application-akka.actor.default-dispatcher-2 - decode: cookie has invalid signature! message = JWT signature does not match locally computed signature. JWT validity cannot be asserted and should not be trusted.
2018-11-16 11:02:42,581 [INFO] from play.api.mvc.DefaultJWTCookieDataCodec in application-akka.actor.default-dispatcher-3 - The JWT signature in the cookie does not match the locally computed signature with the server.
This usually indicates the browser has a leftover cookie from another Play application,
so clearing cookies may resolve this error message.
2018-11-16 11:02:42,581 [INFO] from play.api.mvc.DefaultJWTCookieDataCodec in application-akka.actor.default-dispatcher-2 - The JWT signature in the cookie does not match the locally computed signature with the server.
This usually indicates the browser has a leftover cookie from another Play application,
so clearing cookies may resolve this error message.
2018-11-16 11:02:42,765 [WARN] from play.api.mvc.DefaultJWTCookieDataCodec in application-akka.actor.default-dispatcher-4 - decode: cookie has invalid signature! message = JWT signature does not match locally computed signature. JWT validity cannot be asserted and should not be trusted.
2018-11-16 11:02:42,765 [INFO] from play.api.mvc.DefaultJWTCookieDataCodec in application-akka.actor.default-dispatcher-4 - The JWT signature in the cookie does not match the locally computed signature with the server.
This usually indicates the browser has a leftover cookie from another Play application,
so clearing cookies may resolve this error message.
2018-11-16 11:02:48,494 [INFO] from play.core.server.AkkaHttpServer in pool-8-thread-1 - Stopping server...
